<?xml version="1.0" encoding="UTF-8"?>
<!-- Generated by org.testng.reporters.JUnitReportReporter -->
<testsuite hostname="LAPTOP-1RU859V6" failures="0" tests="6" name="api.test.DDTest" time="13.617" errors="0" timestamp="2024-12-27T11:16:21 IST" skipped="0">
  <testcase classname="api.test.DDTest" name="testPostuser" time="1.825"/>
  <system-out/>
  <testcase classname="api.test.DDTest" name="testPostuser" time="4.572"/>
  <system-out/>
  <testcase classname="api.test.DDTest" name="testPostuser" time="1.899"/>
  <system-out/>
  <testcase classname="api.test.DDTest" name="testDeleteUserByName" time="1.804"/>
  <system-out/>
  <testcase classname="api.test.DDTest" name="testDeleteUserByName" time="1.759"/>
  <system-out/>
  <testcase classname="api.test.DDTest" name="testDeleteUserByName" time="1.758"/>
  <system-out/>
</testsuite> <!-- api.test.DDTest -->
