<?xml version="1.0" encoding="UTF-8"?>
<!-- Generated by org.testng.reporters.JUnitReportReporter -->
<testsuite hostname="LAPTOP-1RU859V6" failures="0" tests="4" name="api.test.UserTests" time="15.810" errors="0" timestamp="2024-12-27T15:01:22 IST" skipped="0">
  <testcase classname="api.test.UserTests" name="testPostUser" time="4.701"/>
  <system-out/>
  <testcase classname="api.test.UserTests" name="testGetUserByname" time="2.440"/>
  <system-out/>
  <testcase classname="api.test.UserTests" name="testupdateUserByName" time="4.658"/>
  <system-out/>
  <testcase classname="api.test.UserTests" name="testDeleteUserByName" time="4.011"/>
  <system-out/>
</testsuite> <!-- api.test.UserTests -->
