<?xml version="1.0" encoding="UTF-8"?>
<!-- Generated by org.testng.reporters.JUnitReportReporter -->
<testsuite hostname="LAPTOP-1RU859V6" failures="0" tests="4" name="api.test.UserTests" time="11.312" errors="0" timestamp="2024-12-27T15:39:08 IST" skipped="0">
  <testcase classname="api.test.UserTests" name="testPostUser" time="4.544"/>
  <system-out/>
  <testcase classname="api.test.UserTests" name="testGetUserByname" time="1.665"/>
  <system-out/>
  <testcase classname="api.test.UserTests" name="testupdateUserByName" time="3.517"/>
  <system-out/>
  <testcase classname="api.test.UserTests" name="testDeleteUserByName" time="1.586"/>
  <system-out/>
</testsuite> <!-- api.test.UserTests -->
