<?xml version="1.0" encoding="UTF-8"?>
<!-- Generated by org.testng.reporters.JUnitReportReporter -->
<testsuite hostname="LAPTOP-1RU859V6" failures="0" tests="4" name="api.test.UserTests" time="14.327" errors="0" timestamp="2024-12-27T16:18:21 IST" skipped="0">
  <testcase classname="api.test.UserTests" name="testPostUser" time="5.589"/>
  <system-out/>
  <testcase classname="api.test.UserTests" name="testGetUserByname" time="2.334"/>
  <system-out/>
  <testcase classname="api.test.UserTests" name="testupdateUserByName" time="4.174"/>
  <system-out/>
  <testcase classname="api.test.UserTests" name="testDeleteUserByName" time="2.230"/>
  <system-out/>
</testsuite> <!-- api.test.UserTests -->
